<?xml version="1.0" encoding="UTF-8"?>
<!-- Generated by org.testng.reporters.JUnitReportReporter -->
<testsuite hostname="DESKTOP-0QEN6VG" failures="1" tests="3" name="cucumberOptions.failedTestRunner" time="141.263" errors="0" timestamp="2022-06-08T11:48:07 IST" skipped="0">
  <testcase classname="cucumberOptions.failedTestRunner" name="runScenario" time="49.637"/>
  <system-out/>
  <testcase classname="cucumberOptions.failedTestRunner" name="runScenario" time="45.924">
    <failure message="expected [No data] but found [Beetroot]" type="java.lang.AssertionError">
      <![CDATA[java.lang.AssertionError: expected [No data] but found [Beetroot]
at org.testng.Assert.fail(Assert.java:110)
at org.testng.Assert.failNotEquals(Assert.java:1413)
at org.testng.Assert.assertEqualsImpl(Assert.java:149)
at org.testng.Assert.assertEquals(Assert.java:131)
at org.testng.Assert.assertEquals(Assert.java:655)
at org.testng.Assert.assertEquals(Assert.java:665)
at stepDefinations.offerPageStepDefination.validate_the_names_are_same_or_not(offerPageStepDefination.java:69)
at âœ½.Validate the names are same or not(file:///E:/cucumber/cucumberSelenium/cucumberSeleniumTesting/src/test/java/features/searchproduct.feature:8)
]]>
    </failure>
  </testcase> <!-- runScenario -->
  <system-out/>
  <testcase classname="cucumberOptions.failedTestRunner" name="runScenario" time="45.702"/>
  <system-out/>
</testsuite> <!-- cucumberOptions.failedTestRunner -->
